<?xml version="1.0" encoding="UTF-8"?>
<testng-results ignored="0" total="1" passed="1" failed="0" skipped="0">
  <reporter-output>
  </reporter-output>
  <suite started-at="2024-12-15T21:46:07 IST" name="Default suite" finished-at="2024-12-15T21:46:18 IST" duration-ms="11530">
    <groups>
    </groups>
    <test started-at="2024-12-15T21:46:07 IST" name="Default test" finished-at="2024-12-15T21:46:18 IST" duration-ms="11530">
      <class name="testScenarios.TestMethods">
        <test-method is-config="true" signature="beforetest()[pri:0, instance:testScenarios.TestMethods@72cc7e6f]" started-at="2024-12-15T21:46:07 IST" name="beforetest" finished-at="2024-12-15T21:46:13 IST" duration-ms="6410" status="PASS">
          <reporter-output>
          </reporter-output>
        </test-method> <!-- beforetest -->
        <test-method signature="searchOperation()[pri:0, instance:testScenarios.TestMethods@72cc7e6f]" started-at="2024-12-15T21:46:13 IST" name="searchOperation" finished-at="2024-12-15T21:46:18 IST" duration-ms="5053" status="PASS">
          <reporter-output>
          </reporter-output>
        </test-method> <!-- searchOperation -->
        <test-method is-config="true" signature="aftertest()[pri:0, instance:testScenarios.TestMethods@72cc7e6f]" started-at="2024-12-15T21:46:18 IST" name="aftertest" finished-at="2024-12-15T21:46:18 IST" duration-ms="2" status="PASS">
          <reporter-output>
          </reporter-output>
        </test-method> <!-- aftertest -->
      </class> <!-- testScenarios.TestMethods -->
    </test> <!-- Default test -->
  </suite> <!-- Default suite -->
</testng-results>
